Using pre-set license
Built from '2020.3/staging' branch; Version is '2020.3.37f1 (8c66806a0c04) revision 9201280'; Using compiler version '192528614'; Build Type 'Release'
OS: 'Windows 10  (10.0.19044) 64bit Professional' Language: 'en' Physical Memory: 16263 MB
BatchMode: 1, IsHumanControllingUs: 0, StartBugReporterOnCrash: 0, Is64bit: 1, IsPro: 0

COMMAND LINE ARGUMENTS:
C:\Program Files\Unity\Hub\Editor\2020.3.37f1\Editor\Unity.exe
-adb2
-batchMode
-noUpm
-name
AssetImportWorker0
-projectPath
C:/Users/ahmtc/Desktop/git-unity/ptn-strategy-demo/ptn-strategy-demo
-logFile
Logs/AssetImportWorker0.log
-srvPort
49518
Successfully changed project path to: C:/Users/ahmtc/Desktop/git-unity/ptn-strategy-demo/ptn-strategy-demo
C:/Users/ahmtc/Desktop/git-unity/ptn-strategy-demo/ptn-strategy-demo
Using Asset Import Pipeline V2.
Refreshing native plugins compatible for Editor in 76.22 ms, found 3 plugins.
Preloading 0 native plugins for Editor in 0.00 ms.
Initialize engine version: 2020.3.37f1 (8c66806a0c04)
[Subsystems] Discovering subsystems at path C:/Program Files/Unity/Hub/Editor/2020.3.37f1/Editor/Data/Resources/UnitySubsystems
[Subsystems] Discovering subsystems at path C:/Users/ahmtc/Desktop/git-unity/ptn-strategy-demo/ptn-strategy-demo/Assets
GfxDevice: creating device client; threaded=0
Direct3D:
    Version:  Direct3D 11.0 [level 11.1]
    Renderer: NVIDIA GeForce GTX 1050 Ti (ID=0x1c8c)
    Vendor:   
    VRAM:     4019 MB
    Driver:   30.0.15.1179
Initialize mono
Mono path[0] = 'C:/Program Files/Unity/Hub/Editor/2020.3.37f1/Editor/Data/Managed'
Mono path[1] = 'C:/Program Files/Unity/Hub/Editor/2020.3.37f1/Editor/Data/MonoBleedingEdge/lib/mono/unityjit'
Mono config path = 'C:/Program Files/Unity/Hub/Editor/2020.3.37f1/Editor/Data/MonoBleedingEdge/etc'
Using monoOptions --debugger-agent=transport=dt_socket,embedding=1,server=y,suspend=n,address=127.0.0.1:56364
Begin MonoManager ReloadAssembly
Registering precompiled unity dll's ...
Register platform support module: C:/Program Files/Unity/Hub/Editor/2020.3.37f1/Editor/Data/PlaybackEngines/WindowsStandaloneSupport/UnityEditor.WindowsStandalone.Extensions.dll
Registered in 0.001863 seconds.
Native extension for WindowsStandalone target not found
Refreshing native plugins compatible for Editor in 73.58 ms, found 3 plugins.
Preloading 0 native plugins for Editor in 0.00 ms.
Mono: successfully reloaded assembly
- Completed reload, in  0.713 seconds
Domain Reload Profiling:
	ReloadAssembly (713ms)
		BeginReloadAssembly (81ms)
			ExecutionOrderSort (0ms)
			DisableScriptedObjects (0ms)
			BackupInstance (0ms)
			ReleaseScriptingObjects (0ms)
			CreateAndSetChildDomain (1ms)
		EndReloadAssembly (547ms)
			LoadAssemblies (78ms)
			RebuildTransferFunctionScriptingTraits (0ms)
			SetupTypeCache (172ms)
			ReleaseScriptCaches (0ms)
			RebuildScriptCaches (39ms)
			SetupLoadedEditorAssemblies (219ms)
				LogAssemblyErrors (0ms)
				InitializePlatformSupportModulesInManaged (5ms)
				SetLoadedEditorAssemblies (0ms)
				RefreshPlugins (74ms)
				BeforeProcessingInitializeOnLoad (15ms)
				ProcessInitializeOnLoadAttributes (93ms)
				ProcessInitializeOnLoadMethodAttributes (32ms)
				AfterProcessingInitializeOnLoad (0ms)
				EditorAssembliesLoaded (0ms)
			ExecutionOrderSort2 (0ms)
			AwakeInstancesAfterBackupRestoration (0ms)
Platform modules already initialized, skipping
Registering precompiled user dll's ...
Registered in 0.004576 seconds.
Begin MonoManager ReloadAssembly
Native extension for WindowsStandalone target not found
Refreshing native plugins compatible for Editor in 89.01 ms, found 3 plugins.
Preloading 0 native plugins for Editor in 0.00 ms.
Mono: successfully reloaded assembly
- Completed reload, in  1.468 seconds
Domain Reload Profiling:
	ReloadAssembly (1469ms)
		BeginReloadAssembly (179ms)
			ExecutionOrderSort (0ms)
			DisableScriptedObjects (6ms)
			BackupInstance (0ms)
			ReleaseScriptingObjects (0ms)
			CreateAndSetChildDomain (21ms)
		EndReloadAssembly (1219ms)
			LoadAssemblies (130ms)
			RebuildTransferFunctionScriptingTraits (0ms)
			SetupTypeCache (401ms)
			ReleaseScriptCaches (1ms)
			RebuildScriptCaches (67ms)
			SetupLoadedEditorAssemblies (480ms)
				LogAssemblyErrors (0ms)
				InitializePlatformSupportModulesInManaged (4ms)
				SetLoadedEditorAssemblies (0ms)
				RefreshPlugins (89ms)
				BeforeProcessingInitializeOnLoad (120ms)
				ProcessInitializeOnLoadAttributes (232ms)
				ProcessInitializeOnLoadMethodAttributes (27ms)
				AfterProcessingInitializeOnLoad (8ms)
				EditorAssembliesLoaded (0ms)
			ExecutionOrderSort2 (0ms)
			AwakeInstancesAfterBackupRestoration (2ms)
Platform modules already initialized, skipping
========================================================================
Worker process is ready to serve import requests
Launched and connected shader compiler UnityShaderCompiler.exe after 0.05 seconds
Refreshing native plugins compatible for Editor in 0.91 ms, found 3 plugins.
Preloading 0 native plugins for Editor in 0.00 ms.
Unloading 3307 Unused Serialized files (Serialized files now loaded: 0)
System memory in use before: 141.7 MB.
System memory in use after: 141.7 MB.

Unloading 32 unused Assets to reduce memory usage. Loaded Objects now: 3739.
Total: 4.422000 ms (FindLiveObjects: 0.242800 ms CreateObjectMapping: 0.198000 ms MarkObjects: 3.724700 ms  DeleteObjects: 0.255400 ms)

AssetImportParameters requested are different than current active one (requested -> active):
  custom:framework-win-MediaFoundation: 216162199b28c13a410421893ffa2e32 -> 
  custom:video-decoder-ogg-theora: a1e56fd34408186e4bbccfd4996cb3dc -> 
  custom:container-muxer-webm: aa71ff27fc2769a1b78a27578f13a17b -> 
  custom:container-demuxer-webm: 4f35f7cbe854078d1ac9338744f61a02 -> 
  custom:container-demuxer-ogg: 62fdf1f143b41e24485cea50d1cbac27 -> 
  custom:video-encoder-webm-vp8: eb34c28f22e8b96e1ab97ce403110664 -> 
  custom:video-decoder-webm-vp8: 9c59270c3fd7afecdb556c50c9e8de78 -> 
  custom:audio-decoder-ogg-vorbis: bf7c407c2cedff20999df2af8eb42d56 -> 
  custom:audio-encoder-webm-vorbis: bf7c407c2cedff20999df2af8eb42d56 -> 
========================================================================
Received Import Request.
  path: Assets
  artifactKey: Guid(00000000000000001000000000000000) Importer(815301076,1909f56bfc062723c751e8b465ee728b)
Start importing Assets using Guid(00000000000000001000000000000000) Importer(815301076,1909f56bfc062723c751e8b465ee728b)  -> (artifact id: '42d402b061de3733987d63b9cc3b64de') in 0.011835 seconds 
========================================================================
Received Import Request.
  Time since last request: 0.638474 seconds.
  path: Assets/Art
  artifactKey: Guid(d5bf9ab0cd28524498507fa922e394d1) Importer(815301076,1909f56bfc062723c751e8b465ee728b)
Start importing Assets/Art using Guid(d5bf9ab0cd28524498507fa922e394d1) Importer(815301076,1909f56bfc062723c751e8b465ee728b)  -> (artifact id: '78090e06cb64c7758bcd2f31e147bcad') in 0.008701 seconds 
========================================================================
Received Import Request.
  Time since last request: 4.842930 seconds.
  path: Assets/Scripts
  artifactKey: Guid(1fdf6cf4b93965a43ac0629a28336b20) Importer(815301076,1909f56bfc062723c751e8b465ee728b)
Start importing Assets/Scripts using Guid(1fdf6cf4b93965a43ac0629a28336b20) Importer(815301076,1909f56bfc062723c751e8b465ee728b)  -> (artifact id: '6ff7b5f4b30149604608b9a384674b20') in 0.008449 seconds 
========================================================================
Received Import Request.
  Time since last request: 5.079564 seconds.
  path: Assets/Scripts/Statics
  artifactKey: Guid(0788ce50503f7df4c9f4fb20910f236f) Importer(815301076,1909f56bfc062723c751e8b465ee728b)
Start importing Assets/Scripts/Statics using Guid(0788ce50503f7df4c9f4fb20910f236f) Importer(815301076,1909f56bfc062723c751e8b465ee728b)  -> (artifact id: '3b1403d915683000270f3db6cbc554ef') in 0.008326 seconds 
========================================================================
Received Import Request.
  Time since last request: 3.751005 seconds.
  path: Assets/Scripts/New Folder
  artifactKey: Guid(02fc923343b205945a2ee277e34ae3a1) Importer(815301076,1909f56bfc062723c751e8b465ee728b)
Start importing Assets/Scripts/New Folder using Guid(02fc923343b205945a2ee277e34ae3a1) Importer(815301076,1909f56bfc062723c751e8b465ee728b)  -> (artifact id: 'eb57b9a24ea299a34b90ee6990718121') in 0.008719 seconds 
========================================================================
Received Import Request.
  Time since last request: 2.673656 seconds.
  path: Assets/Scripts/Utils
  artifactKey: Guid(02fc923343b205945a2ee277e34ae3a1) Importer(815301076,1909f56bfc062723c751e8b465ee728b)
Start importing Assets/Scripts/Utils using Guid(02fc923343b205945a2ee277e34ae3a1) Importer(815301076,1909f56bfc062723c751e8b465ee728b)  -> (artifact id: '73cc2e7d9887f3673e3099f7231dca2d') in 0.008461 seconds 
========================================================================
Received Import Request.
  Time since last request: 3.230990 seconds.
  path: Assets/Scenes
  artifactKey: Guid(131a6b21c8605f84396be9f6751fb6e3) Importer(815301076,1909f56bfc062723c751e8b465ee728b)
Start importing Assets/Scenes using Guid(131a6b21c8605f84396be9f6751fb6e3) Importer(815301076,1909f56bfc062723c751e8b465ee728b)  -> (artifact id: 'df75b7d1a31c5b4f73fd45661b403b04') in 0.009274 seconds 
========================================================================
Received Import Request.
  Time since last request: 4.511945 seconds.
  path: Assets/Art/Materials
  artifactKey: Guid(a2dcc51d24f1e5f4887a23553e089d58) Importer(815301076,1909f56bfc062723c751e8b465ee728b)
Start importing Assets/Art/Materials using Guid(a2dcc51d24f1e5f4887a23553e089d58) Importer(815301076,1909f56bfc062723c751e8b465ee728b)  -> (artifact id: 'e54716bbbbe18fdf9156a476be25eebd') in 0.008230 seconds 
========================================================================
Received Import Request.
  Time since last request: 130.707899 seconds.
  path: Assets/Renderer
  artifactKey: Guid(22256fb6ed609dd47895164c29faba36) Importer(815301076,1909f56bfc062723c751e8b465ee728b)
Start importing Assets/Renderer using Guid(22256fb6ed609dd47895164c29faba36) Importer(815301076,1909f56bfc062723c751e8b465ee728b)  -> (artifact id: '5cee488d89d825412f2c46ba0c9cc606') in 0.008901 seconds 
========================================================================
Received Import Request.
  Time since last request: 516.281318 seconds.
  path: Assets/Renderer/UniversalRenderPipelineAsset.asset
  artifactKey: Guid(f70ea4c229561c4459d4c70409f891f7) Importer(815301076,1909f56bfc062723c751e8b465ee728b)
Start importing Assets/Renderer/UniversalRenderPipelineAsset.asset using Guid(f70ea4c229561c4459d4c70409f891f7) Importer(815301076,1909f56bfc062723c751e8b465ee728b)  -> (artifact id: 'caedfad4a606bd1d496f276ca5c338bd') in 0.076986 seconds 
========================================================================
Received Prepare
Switching render pipeline 00000000000000000000000000000000 -> f70ea4c229561c4459d4c70409f891f7
Refreshing native plugins compatible for Editor in 4.75 ms, found 3 plugins.
Preloading 0 native plugins for Editor in 0.00 ms.
Unloading 67 Unused Serialized files (Serialized files now loaded: 0)
System memory in use before: 76.4 MB.
System memory in use after: 76.5 MB.

Unloading 19 unused Assets to reduce memory usage. Loaded Objects now: 3787.
Total: 4.659300 ms (FindLiveObjects: 0.396000 ms CreateObjectMapping: 0.258800 ms MarkObjects: 3.735600 ms  DeleteObjects: 0.268000 ms)

AssetImportParameters requested are different than current active one (requested -> active):
  custom:framework-win-MediaFoundation: 216162199b28c13a410421893ffa2e32 -> 
  custom:video-decoder-ogg-theora: a1e56fd34408186e4bbccfd4996cb3dc -> 
  custom:container-muxer-webm: aa71ff27fc2769a1b78a27578f13a17b -> 
  custom:container-demuxer-webm: 4f35f7cbe854078d1ac9338744f61a02 -> 
  custom:container-demuxer-ogg: 62fdf1f143b41e24485cea50d1cbac27 -> 
  custom:video-encoder-webm-vp8: eb34c28f22e8b96e1ab97ce403110664 -> 
  custom:video-decoder-webm-vp8: 9c59270c3fd7afecdb556c50c9e8de78 -> 
  custom:audio-decoder-ogg-vorbis: bf7c407c2cedff20999df2af8eb42d56 -> 
  custom:audio-encoder-webm-vorbis: bf7c407c2cedff20999df2af8eb42d56 -> 
========================================================================
Received Import Request.
  Time since last request: 12.380937 seconds.
  path: Assets/Sprites
  artifactKey: Guid(88474cf9c3f4fb14dbbc5d94890cd227) Importer(815301076,1909f56bfc062723c751e8b465ee728b)
Start importing Assets/Sprites using Guid(88474cf9c3f4fb14dbbc5d94890cd227) Importer(815301076,1909f56bfc062723c751e8b465ee728b)  -> (artifact id: '9282c573fd0a3f92b2e0a9164430f63a') in 0.006985 seconds 
========================================================================
Received Import Request.
  Time since last request: 5.246228 seconds.
  path: Assets/Art/Sprites/New Folder
  artifactKey: Guid(cc402b562b712d64aa0901d3a83bf850) Importer(815301076,1909f56bfc062723c751e8b465ee728b)
Start importing Assets/Art/Sprites/New Folder using Guid(cc402b562b712d64aa0901d3a83bf850) Importer(815301076,1909f56bfc062723c751e8b465ee728b)  -> (artifact id: '0f6cf9777105bcf53e2d89add3d8d0e2') in 0.003942 seconds 
========================================================================
Received Import Request.
  Time since last request: 4.527985 seconds.
  path: Assets/Art/Sprites/Uı
  artifactKey: Guid(cc402b562b712d64aa0901d3a83bf850) Importer(815301076,1909f56bfc062723c751e8b465ee728b)
Start importing Assets/Art/Sprites/Uı using Guid(cc402b562b712d64aa0901d3a83bf850) Importer(815301076,1909f56bfc062723c751e8b465ee728b)  -> (artifact id: 'f37e504db236d8b727db706995b33613') in 0.010106 seconds 
========================================================================
Received Import Request.
  Time since last request: 3.476122 seconds.
  path: Assets/Art/Sprites/UI
  artifactKey: Guid(cc402b562b712d64aa0901d3a83bf850) Importer(815301076,1909f56bfc062723c751e8b465ee728b)
Start importing Assets/Art/Sprites/UI using Guid(cc402b562b712d64aa0901d3a83bf850) Importer(815301076,1909f56bfc062723c751e8b465ee728b)  -> (artifact id: '244143381ee2b989a40edf718caba5b0') in 0.009215 seconds 
========================================================================
Received Import Request.
  Time since last request: 4.482208 seconds.
  path: Assets/Art/Sprites/Game
  artifactKey: Guid(8924470b7ae459a408b7fc172fbac7ba) Importer(815301076,1909f56bfc062723c751e8b465ee728b)
Start importing Assets/Art/Sprites/Game using Guid(8924470b7ae459a408b7fc172fbac7ba) Importer(815301076,1909f56bfc062723c751e8b465ee728b)  -> (artifact id: '60df1efba9bcfc2b31aa4c2eb9e03111') in 0.009400 seconds 
AssetImportWorkerClient::OnTransportError - code=2 error=End of file
